
> magnetic-sales-webapp@2.0.0 build
> next build

   ??Next.js 15.0.4
   - Environments: .env

   Creating an optimized production build ...
<w> [webpack.cache.PackFileCacheStrategy] Skipped not serializable cache item 'Compilation/modules|C:\Users\lpian\OneDrive\臾몄꽌\db-automation\magnetic-sales-webapp\node_modules\next\dist\build\webpack\loaders\css-loader\src\index.js??ruleSet[1].rules[13].oneOf[10].use[2]!C:\Users\lpian\OneDrive\臾몄꽌\db-automation\magnetic-sales-webapp\node_modules\next\dist\build\webpack\loaders\postcss-loader\src\index.js??ruleSet[1].rules[13].oneOf[10].use[3]!C:\Users\lpian\OneDrive\臾몄꽌\db-automation\magnetic-sales-webapp\src\app\globals.css': No serializer registered for PostCSSSyntaxError
<w> while serializing webpack/lib/cache/PackFileCacheStrategy.PackContentItems -> webpack/lib/NormalModule -> webpack/lib/ModuleBuildError -> PostCSSSyntaxError
Failed to compile.

./src/app/globals.css:1:1
Syntax error: C:\Users\lpian\OneDrive\臾몄꽌\db-automation\magnetic-sales-webapp\src\app\globals.css The `border-border` class does not exist. If `border-border` is a custom class, make sure it is defined within a `@layer` directive.

> 1 | @tailwind base;
    | ^
  2 | @tailwind components;
  3 | @tailwind utilities;

./src/app/globals.css
Syntax error: C:\Users\lpian\OneDrive\臾몄꽌\db-automation\magnetic-sales-webapp\src\app\globals.css The `border-border` class does not exist. If `border-border` is a custom class, make sure it is defined within a `@layer` directive. (1:1)

> 1 | @tailwind base;
    | ^
  2 | @tailwind components;
  3 | @tailwind utilities;

    at tryRunOrWebpackError (C:\Users\lpian\OneDrive\臾몄꽌\db-automation\magnetic-sales-webapp\node_modules\next\dist\compiled\webpack\bundle5.js:28:314951)
    at __webpack_require_module__ (C:\Users\lpian\OneDrive\臾몄꽌\db-automation\magnetic-sales-webapp\node_modules\next\dist\compiled\webpack\bundle5.js:28:131425)
    at __nested_webpack_require_161179__ (C:\Users\lpian\OneDrive\臾몄꽌\db-automation\magnetic-sales-webapp\node_modules\next\dist\compiled\webpack\bundle5.js:28:130863)
    at C:\Users\lpian\OneDrive\臾몄꽌\db-automation\magnetic-sales-webapp\node_modules\next\dist\compiled\webpack\bundle5.js:28:131714
    at symbolIterator (C:\Users\lpian\OneDrive\臾몄꽌\db-automation\magnetic-sales-webapp\node_modules\next\dist\compiled\neo-async\async.js:1:14444)
    at done (C:\Users\lpian\OneDrive\臾몄꽌\db-automation\magnetic-sales-webapp\node_modules\next\dist\compiled\neo-async\async.js:1:14824)
    at Hook.eval [as callAsync] (eval at create (C:\Users\lpian\OneDrive\臾몄꽌\db-automation\magnetic-sales-webapp\node_modules\next\dist\compiled\webpack\bundle5.js:13:9218), <anonymous>:15:1)
    at Hook.CALL_ASYNC_DELEGATE [as _callAsync] (C:\Users\lpian\OneDrive\臾몄꽌\db-automation\magnetic-sales-webapp\node_modules\next\dist\compiled\webpack\bundle5.js:13:6372)
    at C:\Users\lpian\OneDrive\臾몄꽌\db-automation\magnetic-sales-webapp\node_modules\next\dist\compiled\webpack\bundle5.js:28:130584
    at symbolIterator (C:\Users\lpian\OneDrive\臾몄꽌\db-automation\magnetic-sales-webapp\node_modules\next\dist\compiled\neo-async\async.js:1:14402)
-- inner error --
Syntax error: C:\Users\lpian\OneDrive\臾몄꽌\db-automation\magnetic-sales-webapp\src\app\globals.css The `border-border` class does not exist. If `border-border` is a custom class, make sure it is defined within a `@layer` directive. (1:1)

> 1 | @tailwind base;
    | ^
  2 | @tailwind components;
  3 | @tailwind utilities;

    at Object.<anonymous> (C:\Users\lpian\OneDrive\臾몄꽌\db-automation\magnetic-sales-webapp\node_modules\next\dist\build\webpack\loaders\css-loader\src\index.js??ruleSet[1].rules[13].oneOf[10].use[2]!C:\Users\lpian\OneDrive\臾몄꽌\db-automation\magnetic-sales-webapp\node_modules\next\dist\build\webpack\loaders\postcss-loader\src\index.js??ruleSet[1].rules[13].oneOf[10].use[3]!C:\Users\lpian\OneDrive\臾몄꽌\db-automation\magnetic-sales-webapp\src\app\globals.css:1:7)
    at C:\Users\lpian\OneDrive\臾몄꽌\db-automation\magnetic-sales-webapp\node_modules\next\dist\compiled\webpack\bundle5.js:28:955544
    at Hook.eval [as call] (eval at create (C:\Users\lpian\OneDrive\臾몄꽌\db-automation\magnetic-sales-webapp\node_modules\next\dist\compiled\webpack\bundle5.js:13:8996), <anonymous>:7:1)
    at Hook.CALL_DELEGATE [as _call] (C:\Users\lpian\OneDrive\臾몄꽌\db-automation\magnetic-sales-webapp\node_modules\next\dist\compiled\webpack\bundle5.js:13:6266)
    at C:\Users\lpian\OneDrive\臾몄꽌\db-automation\magnetic-sales-webapp\node_modules\next\dist\compiled\webpack\bundle5.js:28:131458
    at tryRunOrWebpackError (C:\Users\lpian\OneDrive\臾몄꽌\db-automation\magnetic-sales-webapp\node_modules\next\dist\compiled\webpack\bundle5.js:28:314905)
    at __webpack_require_module__ (C:\Users\lpian\OneDrive\臾몄꽌\db-automation\magnetic-sales-webapp\node_modules\next\dist\compiled\webpack\bundle5.js:28:131425)
    at __nested_webpack_require_161179__ (C:\Users\lpian\OneDrive\臾몄꽌\db-automation\magnetic-sales-webapp\node_modules\next\dist\compiled\webpack\bundle5.js:28:130863)
    at C:\Users\lpian\OneDrive\臾몄꽌\db-automation\magnetic-sales-webapp\node_modules\next\dist\compiled\webpack\bundle5.js:28:131714
    at symbolIterator (C:\Users\lpian\OneDrive\臾몄꽌\db-automation\magnetic-sales-webapp\node_modules\next\dist\compiled\neo-async\async.js:1:14444)

Generated code for C:\Users\lpian\OneDrive\臾몄꽌\db-automation\magnetic-sales-webapp\node_modules\next\dist\build\webpack\loaders\css-loader\src\index.js??ruleSet[1].rules[13].oneOf[10].use[2]!C:\Users\lpian\OneDrive\臾몄꽌\db-automation\magnetic-sales-webapp\node_modules\next\dist\build\webpack\loaders\postcss-loader\src\index.js??ruleSet[1].rules[13].oneOf[10].use[3]!C:\Users\lpian\OneDrive\臾몄꽌\db-automation\magnetic-sales-webapp\src\app\globals.css

Import trace for requested module:
./src/app/globals.css


> Build failed because of webpack errors
